<?xml version="1.0" encoding="UTF-8"?>
<!-- Generated by org.testng.reporters.JUnitXMLReporter -->
<testsuite hostname="Saiful-PC" ignored="0" name="Test" tests="5" failures="0" timestamp="2020-12-25T23:25:51 EST" time="97.304" errors="0">
  <testcase name="logoTest" time="0.52" classname="com.amazon.testpages.HomePageTest"/>
  <testcase name="clickOnGiftCardsTest" time="5.02" classname="com.amazon.testpages.HomePageTest"/>
  <testcase name="textTest" time="0.21" classname="com.amazon.testpages.GiftCardsPageTest"/>
  <testcase name="checkBoxCheck" time="24.23" classname="com.amazon.testpages.GiftCardsPageTest"/>
  <testcase name="logoTest" time="0.159" classname="com.amazon.testpages.BestSellerPageTest"/>
</testsuite> <!-- Test -->
